<?xml version="1.0" encoding="UTF-8"?>
<!-- Generated by org.testng.reporters.JUnitXMLReporter -->
<testsuite ignored="0" hostname="ATMECSINLT-773.local" failures="1" tests="1" name="Login Test" time="0.084" errors="0" timestamp="2023-03-30T13:26:25 IST">
  <testcase classname="mobileautomation.Appium.AppiumBasics" name="clickOnPreferencesBtn" time="0.039">
    <failure type="java.lang.NullPointerException">
      <![CDATA[java.lang.NullPointerException
at mobileautomation.Appium.AppiumBasics.clickOnPreferencesBtn(AppiumBasics.java:14)
at java.base/java.util.ArrayList.forEach(ArrayList.java:1541)
... Removed 31 stack frames]]>
    </failure>
  </testcase> <!-- clickOnPreferencesBtn -->
</testsuite> <!-- Login Test -->
