<?xml version="1.0" encoding="UTF-8"?>
<testng-results ignored="0" total="1" passed="1" failed="0" skipped="0">
  <reporter-output>
  </reporter-output>
  <suite started-at="2023-04-01T00:54:35 IST" name="Default suite" finished-at="2023-04-01T00:54:44 IST" duration-ms="9811">
    <groups>
    </groups>
    <test started-at="2023-04-01T00:54:35 IST" name="Default test" finished-at="2023-04-01T00:54:44 IST" duration-ms="9811">
      <class name="mobileautomation.Appium.DragAndDrop">
        <test-method signature="dragAndDropGesture()[pri:0, instance:mobileautomation.Appium.DragAndDrop@25ce9dc4]" started-at="2023-04-01T00:54:35 IST" name="dragAndDropGesture" finished-at="2023-04-01T00:54:44 IST" duration-ms="9770" status="PASS">
          <reporter-output>
          </reporter-output>
        </test-method> <!-- dragAndDropGesture -->
      </class> <!-- mobileautomation.Appium.DragAndDrop -->
    </test> <!-- Default test -->
  </suite> <!-- Default suite -->
</testng-results>
